<?xml version="1.0" encoding="UTF-8"?>
<!-- Generated by org.testng.reporters.JUnitXMLReporter -->
<testsuite ignored="0" hostname="Computer" failures="0" tests="7" name="Tests" time="141.05" errors="0" timestamp="2025-03-30T22:45:39 GMT+04:00">
  <testcase classname="tests.AddCustTest" name="testOpenAddCust" time="2.247"/>
  <testcase classname="tests.AddCustTest" name="incorrectDataAuthTest" time="0.959"/>
  <testcase classname="tests.AddCustTest" name="createCustomerWithGeneratedData" time="1.679"/>
  <testcase classname="tests.SortCustTest" name="testOpenCust" time="7.463"/>
  <testcase classname="tests.SortCustTest" name="testSortCustomersByFirstName" time="0.346"/>
  <testcase classname="tests.DeleteCustTest" name="testOpenCust" time="7.057"/>
  <testcase classname="tests.DeleteCustTest" name="deleteCustomerByAverageNameLength" time="0.895"/>
</testsuite> <!-- Tests -->
