<?xml version="1.0" encoding="UTF-8"?>
<testsuite xmlns:xsi="http://www.w3.org/2001/XMLSchema-instance" xsi:noNamespaceSchemaLocation="https://maven.apache.org/surefire/maven-surefire-plugin/xsd/surefire-test-report.xsd" version="3.0.1" name="TestSuite" time="150.947" tests="7" errors="0" skipped="0" failures="0">
  <properties>
[...]
</properties>
  <testcase name="testOpenAddCust" classname="tests.AddCustTest" time="2.435">
    <system-err><![CDATA[SLF4J(W): No SLF4J providers were found.
SLF4J(W): Defaulting to no-operation (NOP) logger implementation
SLF4J(W): See https://www.slf4j.org/codes.html#noProviders for further details.
мар. 30, 2025 10:43:23 PM org.openqa.selenium.devtools.CdpVersionFinder findNearestMatch
WARNING: Unable to find an exact match for CDP version 134, returning the closest version; found: 133; Please update to a Selenium version that supports CDP version 134
]]></system-err>
  </testcase>
  <testcase name="incorrectDataAuthTest[abzap, example, 0001252667](1)" classname="tests.AddCustTest" time="1.032"/>
  <testcase name="createCustomerWithGeneratedData" classname="tests.AddCustTest" time="1.674"/>
  <testcase name="testOpenCust" classname="tests.SortCustTest" time="7.455">
    <system-err><![CDATA[мар. 30, 2025 10:44:07 PM org.openqa.selenium.devtools.CdpVersionFinder findNearestMatch
WARNING: Unable to find an exact match for CDP version 134, returning the closest version; found: 133; Please update to a Selenium version that supports CDP version 134
]]></system-err>
  </testcase>
  <testcase name="testSortCustomersByFirstName" classname="tests.SortCustTest" time="0.334">
    <system-out><![CDATA[Albus
Harry
Hermoine
Neville
Ron
]]></system-out>
  </testcase>
  <testcase name="testOpenCust" classname="tests.DeleteCustTest" time="7.057">
    <system-err><![CDATA[мар. 30, 2025 10:44:55 PM org.openqa.selenium.devtools.CdpVersionFinder findNearestMatch
WARNING: Unable to find an exact match for CDP version 134, returning the closest version; found: 133; Please update to a Selenium version that supports CDP version 134
]]></system-err>
  </testcase>
  <testcase name="deleteCustomerByAverageNameLength" classname="tests.DeleteCustTest" time="0.887">
    <system-out><![CDATA[Deleting customer: Harry
]]></system-out>
  </testcase>
</testsuite>