<?xml version="1.0" encoding="UTF-8"?>
<testng-results ignored="0" total="7" passed="7" failed="0" skipped="0">
  <reporter-output>
  </reporter-output>
  <suite started-at="2025-03-30T22:43:18 GMT+04:00" name="autotest" finished-at="2025-03-30T22:45:39 GMT+04:00" duration-ms="141050">
    <groups>
    </groups>
    <test started-at="2025-03-30T22:43:18 GMT+04:00" name="Tests" finished-at="2025-03-30T22:45:39 GMT+04:00" duration-ms="141050">
      <class name="tests.AddCustTest">
        <test-method is-config="true" signature="init(org.testng.ITestContext)[pri:0, instance:tests.AddCustTest@43f02ef2]" started-at="2025-03-30T22:43:18 GMT+04:00" name="init" finished-at="2025-03-30T22:43:57 GMT+04:00" duration-ms="38775" status="PASS">
          <params>
            <param index="0">
              <value>
                <![CDATA[org.testng.TestRunner@64f1fd08]]>
              </value>
            </param>
          </params>
          <reporter-output>
          </reporter-output>
        </test-method> <!-- init -->
        <test-method is-config="true" signature="setup()[pri:0, instance:tests.AddCustTest@43f02ef2]" started-at="2025-03-30T22:43:57 GMT+04:00" name="setup" finished-at="2025-03-30T22:43:57 GMT+04:00" duration-ms="0" status="PASS">
          <reporter-output>
          </reporter-output>
        </test-method> <!-- setup -->
        <test-method signature="testOpenAddCust()[pri:1, instance:tests.AddCustTest@43f02ef2]" started-at="2025-03-30T22:43:57 GMT+04:00" name="testOpenAddCust" description="Opening Add Customer page" finished-at="2025-03-30T22:44:00 GMT+04:00" duration-ms="2247" status="PASS">
          <reporter-output>
          </reporter-output>
        </test-method> <!-- testOpenAddCust -->
        <test-method is-config="true" signature="clearCookies()[pri:0, instance:tests.AddCustTest@43f02ef2]" started-at="2025-03-30T22:44:00 GMT+04:00" name="clearCookies" finished-at="2025-03-30T22:44:00 GMT+04:00" duration-ms="406" status="PASS">
          <reporter-output>
          </reporter-output>
        </test-method> <!-- clearCookies -->
        <test-method signature="incorrectDataAuthTest(java.lang.String,java.lang.String,java.lang.String)[pri:2, instance:tests.AddCustTest@43f02ef2]" started-at="2025-03-30T22:44:00 GMT+04:00" name="incorrectDataAuthTest" description="Authorize with incorrect data" data-provider="Valid login data" finished-at="2025-03-30T22:44:01 GMT+04:00" duration-ms="959" status="PASS">
          <params>
            <param index="0">
              <value>
                <![CDATA[abzap]]>
              </value>
            </param>
            <param index="1">
              <value>
                <![CDATA[example]]>
              </value>
            </param>
            <param index="2">
              <value>
                <![CDATA[0001252667]]>
              </value>
            </param>
          </params>
          <reporter-output>
          </reporter-output>
        </test-method> <!-- incorrectDataAuthTest -->
        <test-method is-config="true" signature="clearCookies()[pri:0, instance:tests.AddCustTest@43f02ef2]" started-at="2025-03-30T22:44:01 GMT+04:00" name="clearCookies" finished-at="2025-03-30T22:44:02 GMT+04:00" duration-ms="412" status="PASS">
          <reporter-output>
          </reporter-output>
        </test-method> <!-- clearCookies -->
        <test-method signature="createCustomerWithGeneratedData()[pri:3, instance:tests.AddCustTest@43f02ef2]" started-at="2025-03-30T22:44:02 GMT+04:00" name="createCustomerWithGeneratedData" description="Creating customer with generated data" finished-at="2025-03-30T22:44:03 GMT+04:00" duration-ms="1679" status="PASS">
          <reporter-output>
          </reporter-output>
        </test-method> <!-- createCustomerWithGeneratedData -->
        <test-method is-config="true" signature="clearCookies()[pri:0, instance:tests.AddCustTest@43f02ef2]" started-at="2025-03-30T22:44:03 GMT+04:00" name="clearCookies" finished-at="2025-03-30T22:44:04 GMT+04:00" duration-ms="423" status="PASS">
          <reporter-output>
          </reporter-output>
        </test-method> <!-- clearCookies -->
        <test-method is-config="true" signature="tearDown()[pri:0, instance:tests.AddCustTest@43f02ef2]" started-at="2025-03-30T22:44:04 GMT+04:00" name="tearDown" finished-at="2025-03-30T22:44:05 GMT+04:00" duration-ms="1552" status="PASS">
          <reporter-output>
          </reporter-output>
        </test-method> <!-- tearDown -->
      </class> <!-- tests.AddCustTest -->
      <class name="tests.SortCustTest">
        <test-method is-config="true" signature="init(org.testng.ITestContext)[pri:0, instance:tests.SortCustTest@5745ca0e]" started-at="2025-03-30T22:44:05 GMT+04:00" name="init" finished-at="2025-03-30T22:44:41 GMT+04:00" duration-ms="36006" status="PASS">
          <params>
            <param index="0">
              <value>
                <![CDATA[org.testng.TestRunner@64f1fd08]]>
              </value>
            </param>
          </params>
          <reporter-output>
          </reporter-output>
        </test-method> <!-- init -->
        <test-method signature="testOpenCust()[pri:1, instance:tests.SortCustTest@5745ca0e]" started-at="2025-03-30T22:44:41 GMT+04:00" name="testOpenCust" description="Opening Customer page" finished-at="2025-03-30T22:44:49 GMT+04:00" duration-ms="7463" status="PASS">
          <reporter-output>
          </reporter-output>
        </test-method> <!-- testOpenCust -->
        <test-method is-config="true" signature="setup()[pri:0, instance:tests.SortCustTest@5745ca0e]" started-at="2025-03-30T22:44:41 GMT+04:00" name="setup" finished-at="2025-03-30T22:44:41 GMT+04:00" duration-ms="0" status="PASS">
          <reporter-output>
          </reporter-output>
        </test-method> <!-- setup -->
        <test-method is-config="true" signature="clearCookies()[pri:0, instance:tests.SortCustTest@5745ca0e]" started-at="2025-03-30T22:44:49 GMT+04:00" name="clearCookies" finished-at="2025-03-30T22:44:49 GMT+04:00" duration-ms="450" status="PASS">
          <reporter-output>
          </reporter-output>
        </test-method> <!-- clearCookies -->
        <test-method signature="testSortCustomersByFirstName()[pri:2, instance:tests.SortCustTest@5745ca0e]" started-at="2025-03-30T22:44:50 GMT+04:00" name="testSortCustomersByFirstName" description="Sort Customers" finished-at="2025-03-30T22:44:50 GMT+04:00" duration-ms="346" status="PASS">
          <reporter-output>
          </reporter-output>
        </test-method> <!-- testSortCustomersByFirstName -->
        <test-method is-config="true" signature="clearCookies()[pri:0, instance:tests.SortCustTest@5745ca0e]" started-at="2025-03-30T22:44:50 GMT+04:00" name="clearCookies" finished-at="2025-03-30T22:44:51 GMT+04:00" duration-ms="390" status="PASS">
          <reporter-output>
          </reporter-output>
        </test-method> <!-- clearCookies -->
        <test-method is-config="true" signature="tearDown()[pri:0, instance:tests.SortCustTest@5745ca0e]" started-at="2025-03-30T22:44:51 GMT+04:00" name="tearDown" finished-at="2025-03-30T22:44:53 GMT+04:00" duration-ms="2060" status="PASS">
          <reporter-output>
          </reporter-output>
        </test-method> <!-- tearDown -->
      </class> <!-- tests.SortCustTest -->
      <class name="tests.DeleteCustTest">
        <test-method is-config="true" signature="init(org.testng.ITestContext)[pri:0, instance:tests.DeleteCustTest@48e1f6c7]" started-at="2025-03-30T22:44:53 GMT+04:00" name="init" finished-at="2025-03-30T22:45:29 GMT+04:00" duration-ms="36768" status="PASS">
          <params>
            <param index="0">
              <value>
                <![CDATA[org.testng.TestRunner@64f1fd08]]>
              </value>
            </param>
          </params>
          <reporter-output>
          </reporter-output>
        </test-method> <!-- init -->
        <test-method is-config="true" signature="setup()[pri:0, instance:tests.DeleteCustTest@48e1f6c7]" started-at="2025-03-30T22:45:29 GMT+04:00" name="setup" finished-at="2025-03-30T22:45:29 GMT+04:00" duration-ms="8" status="PASS">
          <reporter-output>
          </reporter-output>
        </test-method> <!-- setup -->
        <test-method signature="testOpenCust()[pri:1, instance:tests.DeleteCustTest@48e1f6c7]" started-at="2025-03-30T22:45:29 GMT+04:00" name="testOpenCust" description="Opening Customer page" finished-at="2025-03-30T22:45:36 GMT+04:00" duration-ms="7057" status="PASS">
          <reporter-output>
          </reporter-output>
        </test-method> <!-- testOpenCust -->
        <test-method is-config="true" signature="clearCookies()[pri:0, instance:tests.DeleteCustTest@48e1f6c7]" started-at="2025-03-30T22:45:36 GMT+04:00" name="clearCookies" finished-at="2025-03-30T22:45:37 GMT+04:00" duration-ms="487" status="PASS">
          <reporter-output>
          </reporter-output>
        </test-method> <!-- clearCookies -->
        <test-method signature="deleteCustomerByAverageNameLength()[pri:2, instance:tests.DeleteCustTest@48e1f6c7]" started-at="2025-03-30T22:45:37 GMT+04:00" name="deleteCustomerByAverageNameLength" finished-at="2025-03-30T22:45:38 GMT+04:00" duration-ms="895" status="PASS">
          <reporter-output>
          </reporter-output>
        </test-method> <!-- deleteCustomerByAverageNameLength -->
        <test-method is-config="true" signature="clearCookies()[pri:0, instance:tests.DeleteCustTest@48e1f6c7]" started-at="2025-03-30T22:45:38 GMT+04:00" name="clearCookies" finished-at="2025-03-30T22:45:38 GMT+04:00" duration-ms="428" status="PASS">
          <reporter-output>
          </reporter-output>
        </test-method> <!-- clearCookies -->
        <test-method is-config="true" signature="tearDown()[pri:0, instance:tests.DeleteCustTest@48e1f6c7]" started-at="2025-03-30T22:45:38 GMT+04:00" name="tearDown" finished-at="2025-03-30T22:45:39 GMT+04:00" duration-ms="1120" status="PASS">
          <reporter-output>
          </reporter-output>
        </test-method> <!-- tearDown -->
      </class> <!-- tests.DeleteCustTest -->
    </test> <!-- Tests -->
  </suite> <!-- autotest -->
</testng-results>
